<?xml version="1.0" encoding="UTF-8"?>
<coverage generated="1506388761333" clover="3.2.0">
  <project timestamp="1506388761333" name="All files">
    <metrics statements="22" coveredstatements="20" conditionals="6" coveredconditionals="4" methods="5" coveredmethods="5" elements="33" coveredelements="29" complexity="0" loc="22" ncloc="22" packages="1" files="2" classes="2">
      <file name="formatNumber.js" path="/Users/equimper/coding/myownstuff/keepmyfolio/mobile/src/utils/helpers/formatNumber.js">
        <metrics statements="19" coveredstatements="17" conditionals="6" coveredconditionals="4" methods="4" coveredmethods="4"/>
        <line num="16" count="9" type="stmt"/>
        <line num="18" count="9" type="stmt"/>
        <line num="20" count="8" type="cond" truecount="2" falsecount="0"/>
        <line num="21" count="2" type="stmt"/>
        <line num="23" count="6" type="stmt"/>
        <line num="26" count="8" type="stmt"/>
        <line num="27" count="8" type="stmt"/>
        <line num="28" count="10" type="stmt"/>
        <line num="31" count="8" type="stmt"/>
        <line num="39" count="5" type="stmt"/>
        <line num="41" count="4" type="cond" truecount="1" falsecount="1"/>
        <line num="42" count="0" type="stmt"/>
        <line num="43" count="4" type="cond" truecount="1" falsecount="1"/>
        <line num="44" count="4" type="stmt"/>
        <line num="46" count="0" type="stmt"/>
        <line num="49" count="4" type="stmt"/>
        <line num="62" count="3" type="stmt"/>
        <line num="64" count="2" type="stmt"/>
        <line num="66" count="2" type="stmt"/>
      </file>
      <file name="getIfPercentNegative.js" path="/Users/equimper/coding/myownstuff/keepmyfolio/mobile/src/utils/helpers/getIfPercentNegative.js">
        <metrics statements="3" coveredstatements="3" conditionals="0" coveredconditionals="0" methods="1" coveredmethods="1"/>
        <line num="15" count="3" type="stmt"/>
        <line num="17" count="2" type="stmt"/>
        <line num="19" count="2" type="stmt"/>
      </file>
    </metrics>
  </project>
</coverage>
