{"/Users/equimper/coding/myownstuff/keepmyfolio/mobile/src/utils/helpers/formatNumber.js": {"path":"/Users/equimper/coding/myownstuff/keepmyfolio/mobile/src/utils/helpers/formatNumber.js","statementMap":{"0":{"start":{"line":16,"column":16},"end":{"line":16,"column":30}},"1":{"start":{"line":18,"column":2},"end":{"line":18,"column":40}},"2":{"start":{"line":20,"column":2},"end":{"line":24,"column":3}},"3":{"start":{"line":21,"column":4},"end":{"line":21,"column":27}},"4":{"start":{"line":23,"column":4},"end":{"line":23,"column":19}},"5":{"start":{"line":26,"column":2},"end":{"line":32,"column":4}},"6":{"start":{"line":27,"column":4},"end":{"line":29,"column":5}},"7":{"start":{"line":28,"column":6},"end":{"line":28,"column":36}},"8":{"start":{"line":31,"column":4},"end":{"line":31,"column":13}},"9":{"start":{"line":39,"column":2},"end":{"line":39,"column":40}},"10":{"start":{"line":41,"column":2},"end":{"line":47,"column":3}},"11":{"start":{"line":42,"column":4},"end":{"line":42,"column":16}},"12":{"start":{"line":43,"column":9},"end":{"line":47,"column":3}},"13":{"start":{"line":44,"column":4},"end":{"line":44,"column":28}},"14":{"start":{"line":46,"column":4},"end":{"line":46,"column":43}},"15":{"start":{"line":49,"column":2},"end":{"line":49,"column":24}},"16":{"start":{"line":62,"column":2},"end":{"line":62,"column":40}},"17":{"start":{"line":64,"column":17},"end":{"line":64,"column":31}},"18":{"start":{"line":66,"column":2},"end":{"line":66,"column":31}}},"fnMap":{"0":{"name":"thousandSpace","decl":{"start":{"line":14,"column":16},"end":{"line":14,"column":29}},"loc":{"start":{"line":14,"column":50},"end":{"line":33,"column":1}},"line":14},"1":{"name":"(anonymous_1)","decl":{"start":{"line":26,"column":32},"end":{"line":26,"column":33}},"loc":{"start":{"line":26,"column":37},"end":{"line":32,"column":3}},"line":26},"2":{"name":"toMoney","decl":{"start":{"line":36,"column":16},"end":{"line":36,"column":23}},"loc":{"start":{"line":36,"column":44},"end":{"line":50,"column":1}},"line":36},"3":{"name":"moneyThousand","decl":{"start":{"line":61,"column":16},"end":{"line":61,"column":29}},"loc":{"start":{"line":61,"column":50},"end":{"line":67,"column":1}},"line":61}},"branchMap":{"0":{"loc":{"start":{"line":20,"column":2},"end":{"line":24,"column":3}},"type":"if","locations":[{"start":{"line":20,"column":2},"end":{"line":24,"column":3}},{"start":{"line":20,"column":2},"end":{"line":24,"column":3}}],"line":20},"1":{"loc":{"start":{"line":41,"column":2},"end":{"line":47,"column":3}},"type":"if","locations":[{"start":{"line":41,"column":2},"end":{"line":47,"column":3}},{"start":{"line":41,"column":2},"end":{"line":47,"column":3}}],"line":41},"2":{"loc":{"start":{"line":43,"column":9},"end":{"line":47,"column":3}},"type":"if","locations":[{"start":{"line":43,"column":9},"end":{"line":47,"column":3}},{"start":{"line":43,"column":9},"end":{"line":47,"column":3}}],"line":43}},"s":{"0":9,"1":9,"2":8,"3":2,"4":6,"5":8,"6":8,"7":10,"8":8,"9":5,"10":4,"11":0,"12":4,"13":4,"14":0,"15":4,"16":3,"17":2,"18":2},"f":{"0":9,"1":8,"2":5,"3":3},"b":{"0":[2,6],"1":[0,4],"2":[4,0]},"_coverageSchema":"332fd63041d2c1bcb487cc26dd0d5f7d97098a6c","hash":"26fabe0b902256cdd2b101c17f218d1c570804e1"}
,"/Users/equimper/coding/myownstuff/keepmyfolio/mobile/src/utils/helpers/getIfPercentNegative.js": {"path":"/Users/equimper/coding/myownstuff/keepmyfolio/mobile/src/utils/helpers/getIfPercentNegative.js","statementMap":{"0":{"start":{"line":15,"column":2},"end":{"line":15,"column":50}},"1":{"start":{"line":17,"column":14},"end":{"line":17,"column":26}},"2":{"start":{"line":19,"column":2},"end":{"line":19,"column":24}}},"fnMap":{"0":{"name":"getIfPercentNegative","decl":{"start":{"line":14,"column":16},"end":{"line":14,"column":36}},"loc":{"start":{"line":14,"column":63},"end":{"line":20,"column":1}},"line":14}},"branchMap":{},"s":{"0":3,"1":2,"2":2},"f":{"0":3},"b":{},"_coverageSchema":"332fd63041d2c1bcb487cc26dd0d5f7d97098a6c","hash":"e147b2db0d3613854365f564241072e81e92caca"}
}
