TN:
SF:/Users/equimper/coding/myownstuff/keepmyfolio/mobile/src/utils/helpers/formatNumber.js
FN:14,thousandSpace
FN:26,(anonymous_1)
FN:36,toMoney
FN:61,moneyThousand
FNF:4
FNH:4
FNDA:9,thousandSpace
FNDA:8,(anonymous_1)
FNDA:5,toMoney
FNDA:3,moneyThousand
DA:16,9
DA:18,9
DA:20,8
DA:21,2
DA:23,6
DA:26,8
DA:27,8
DA:28,10
DA:31,8
DA:39,5
DA:41,4
DA:42,0
DA:43,4
DA:44,4
DA:46,0
DA:49,4
DA:62,3
DA:64,2
DA:66,2
LF:19
LH:17
BRDA:20,0,0,2
BRDA:20,0,1,6
BRDA:41,1,0,0
BRDA:41,1,1,4
BRDA:43,2,0,4
BRDA:43,2,1,0
BRF:6
BRH:4
end_of_record
TN:
SF:/Users/equimper/coding/myownstuff/keepmyfolio/mobile/src/utils/helpers/getIfPercentNegative.js
FN:14,getIfPercentNegative
FNF:1
FNH:1
FNDA:3,getIfPercentNegative
DA:15,3
DA:17,2
DA:19,2
LF:3
LH:3
BRF:0
BRH:0
end_of_record
